#
# There is insufficient memory for the Java Runtime Environment to continue.
# Native memory allocation (mmap) failed to map 67108864 bytes for G1 virtual space
# Possible reasons:
#   The system is out of physical RAM or swap space
#   The process is running with CompressedOops enabled, and the Java Heap may be blocking the growth of the native heap
# Possible solutions:
#   Reduce memory load on the system
#   Increase physical memory or swap space
#   Check if swap backing store is full
#   Decrease Java heap size (-Xmx/-Xms)
#   Decrease number of Java threads
#   Decrease Java thread stack sizes (-Xss)
#   Set larger code cache with -XX:ReservedCodeCacheSize=
#   JVM is running with Unscaled Compressed Oops mode in which the Java heap is
#     placed in the first 4GB address space. The Java Heap base address is the
#     maximum limit for the native heap growth. Please use -XX:HeapBaseMinAddress
#     to set the Java Heap base and to place the Java Heap above 4GB virtual address.
# This output file may be truncated or incomplete.
#
#  Out of Memory Error (os_windows.cpp:3613), pid=3560, tid=6276
#
# JRE version:  (17.0.9+9) (build )
# Java VM: OpenJDK 64-Bit Server VM (17.0.9+9, mixed mode, sharing, tiered, compressed oops, compressed class ptrs, g1 gc, windows-amd64)
# No core dump will be written. Minidumps are not enabled by default on client versions of Windows
#

---------------  S U M M A R Y ------------

Command Line: -Dfile.encoding=UTF-8 -Dstdout.encoding=UTF-8 -Dstderr.encoding=UTF-8 -XX:+ShowCodeDetailsInExceptionMessages Assignment.workingwithpaytm

Host: Intel(R) Core(TM) i3-8130U CPU @ 2.20GHz, 4 cores, 3G,  Windows 11 , 64 bit Build 22621 (10.0.22621.3527)
Time: Thu May 30 15:45:12 2024 India Standard Time elapsed time: 0.027070 seconds (0d 0h 0m 0s)

---------------  T H R E A D  ---------------

Current thread (0x0000011342769510):  JavaThread "Unknown thread" [_thread_in_vm, id=6276, stack(0x000000050dd00000,0x000000050de00000)]

Stack: [0x000000050dd00000,0x000000050de00000]
Native frames: (J=compiled Java code, j=interpreted, Vv=VM code, C=native code)
V  [jvm.dll+0x67cf49]
V  [jvm.dll+0x83478a]
V  [jvm.dll+0x83624e]
V  [jvm.dll+0x8368b3]
V  [jvm.dll+0x247f1f]
V  [jvm.dll+0x679d69]
V  [jvm.dll+0x66e6ba]
V  [jvm.dll+0x307e5b]
V  [jvm.dll+0x30f306]
V  [jvm.dll+0x35f0ce]
V  [jvm.dll+0x35f2ff]
V  [jvm.dll+0x2dea58]
V  [jvm.dll+0x2df9c4]
V  [jvm.dll+0x806031]
V  [jvm.dll+0x36cf31]
V  [jvm.dll+0x7e4aac]
V  [jvm.dll+0x3f07af]
V  [jvm.dll+0x3f23e1]
C  [jli.dll+0x528f]
C  [ucrtbase.dll+0x29333]
C  [KERNEL32.DLL+0x1257d]
C  [ntdll.dll+0x5aa48]


---------------  P R O C E S S  ---------------

Threads class SMR info:
_java_thread_list=0x00007ffa3beeee98, length=0, elements={
}

Java Threads: ( => current thread )

Other Threads:
  0x00000113427a6b10 GCTaskThread "GC Thread#0" [stack: 0x000000050de00000,0x000000050df00000] [id=3816]
  0x00000113427af6f0 ConcurrentGCThread "G1 Main Marker" [stack: 0x000000050df00000,0x000000050e000000] [id=11512]
  0x00000113427b08b0 ConcurrentGCThread "G1 Conc#0" [stack: 0x000000050e000000,0x000000050e100000] [id=16700]

[error occurred during error reporting (printing all threads), id 0xc0000005, EXCEPTION_ACCESS_VIOLATION (0xc0000005) at pc=0x00007ffa3b6af497]

VM state: not at safepoint (not fully initialized)

VM Mutex/Monitor currently owned by a thread:  ([mutex/lock_event])
[0x00000113427656a0] Heap_lock - owner thread: 0x0000011342769510

Heap address: 0x00000000c1c00000, size: 996 MB, Compressed Oops mode: 32-bit

CDS archive(s) mapped at: [0x0000000000000000-0x0000000000000000-0x0000000000000000), size 0, SharedBaseAddress: 0x0000000800000000, ArchiveRelocationMode: 1.
Narrow klass base: 0x0000000000000000, Narrow klass shift: 0, Narrow klass range: 0x0

GC Precious Log:
<Empty>

Heap:
 garbage-first heap   total 0K, used 0K [0x00000000c1c00000, 0x0000000100000000)
  region size 1024K, 0 young (0K), 0 survivors (0K)

[error occurred during error reporting (printing heap information), id 0xc0000005, EXCEPTION_ACCESS_VIOLATION (0xc0000005) at pc=0x00007ffa3ba96c79]

GC Heap History (0 events):
No events

Dll operation events (1 events):
Event: 0.018 Loaded shared library C:\Users\Asus\.p2\pool\plugins\org.eclipse.justj.openjdk.hotspot.jre.full.win32.x86_64_17.0.9.v20231028-0858\jre\bin\java.dll

Deoptimization events (0 events):
No events

Classes unloaded (0 events):
No events

Classes redefined (0 events):
No events

Internal exceptions (0 events):
No events

VM Operations (0 events):
No events

Events (0 events):
No events


Dynamic libraries:
0x00007ff66d380000 - 0x00007ff66d38e000 	C:\Users\Asus\.p2\pool\plugins\org.eclipse.justj.openjdk.hotspot.jre.full.win32.x86_64_17.0.9.v20231028-0858\jre\bin\javaw.exe
0x00007ffa7b810000 - 0x00007ffa7ba27000 	C:\Windows\SYSTEM32\ntdll.dll
0x00007ffa7a860000 - 0x00007ffa7a924000 	C:\Windows\System32\KERNEL32.DLL
0x00007ffa78b30000 - 0x00007ffa78ed7000 	C:\Windows\System32\KERNELBASE.dll
0x00007ffa79210000 - 0x00007ffa79321000 	C:\Windows\System32\ucrtbase.dll
0x00007ffa67a60000 - 0x00007ffa67a77000 	C:\Users\Asus\.p2\pool\plugins\org.eclipse.justj.openjdk.hotspot.jre.full.win32.x86_64_17.0.9.v20231028-0858\jre\bin\jli.dll
0x00007ffa7b600000 - 0x00007ffa7b7ae000 	C:\Windows\System32\USER32.dll
0x00007ffa79170000 - 0x00007ffa79196000 	C:\Windows\System32\win32u.dll
0x00007ffa79ad0000 - 0x00007ffa79af9000 	C:\Windows\System32\GDI32.dll
0x00007ffa793f0000 - 0x00007ffa79509000 	C:\Windows\System32\gdi32full.dll
0x00007ffa78ee0000 - 0x00007ffa78f7a000 	C:\Windows\System32\msvcp_win.dll
0x00007ffa65850000 - 0x00007ffa6586b000 	C:\Users\Asus\.p2\pool\plugins\org.eclipse.justj.openjdk.hotspot.jre.full.win32.x86_64_17.0.9.v20231028-0858\jre\bin\VCRUNTIME140.dll
0x00007ffa5ae40000 - 0x00007ffa5b0d3000 	C:\Windows\WinSxS\amd64_microsoft.windows.common-controls_6595b64144ccf1df_6.0.22621.3527_none_270e469b73872a76\COMCTL32.dll
0x00007ffa79870000 - 0x00007ffa79917000 	C:\Windows\System32\msvcrt.dll
0x00007ffa79e40000 - 0x00007ffa79e71000 	C:\Windows\System32\IMM32.DLL
0x00007ffa67b50000 - 0x00007ffa67b5c000 	C:\Users\Asus\.p2\pool\plugins\org.eclipse.justj.openjdk.hotspot.jre.full.win32.x86_64_17.0.9.v20231028-0858\jre\bin\vcruntime140_1.dll
0x00007ffa602c0000 - 0x00007ffa6034d000 	C:\Users\Asus\.p2\pool\plugins\org.eclipse.justj.openjdk.hotspot.jre.full.win32.x86_64_17.0.9.v20231028-0858\jre\bin\msvcp140.dll
0x00007ffa3b3c0000 - 0x00007ffa3c021000 	C:\Users\Asus\.p2\pool\plugins\org.eclipse.justj.openjdk.hotspot.jre.full.win32.x86_64_17.0.9.v20231028-0858\jre\bin\server\jvm.dll
0x00007ffa79e80000 - 0x00007ffa79f32000 	C:\Windows\System32\ADVAPI32.dll
0x00007ffa7b550000 - 0x00007ffa7b5f8000 	C:\Windows\System32\sechost.dll
0x00007ffa79510000 - 0x00007ffa79538000 	C:\Windows\System32\bcrypt.dll
0x00007ffa79540000 - 0x00007ffa79655000 	C:\Windows\System32\RPCRT4.dll
0x00007ffa789f0000 - 0x00007ffa78a3d000 	C:\Windows\SYSTEM32\POWRPROF.dll
0x00007ffa5fec0000 - 0x00007ffa5fec9000 	C:\Windows\SYSTEM32\WSOCK32.dll
0x00007ffa7b030000 - 0x00007ffa7b0a1000 	C:\Windows\System32\WS2_32.dll
0x00007ffa712f0000 - 0x00007ffa712fa000 	C:\Windows\SYSTEM32\VERSION.dll
0x00007ffa70450000 - 0x00007ffa70484000 	C:\Windows\SYSTEM32\WINMM.dll
0x00007ffa789d0000 - 0x00007ffa789e3000 	C:\Windows\SYSTEM32\UMPDC.dll
0x00007ffa77b50000 - 0x00007ffa77b68000 	C:\Windows\SYSTEM32\kernel.appcore.dll
0x00007ffa73ed0000 - 0x00007ffa73eda000 	C:\Users\Asus\.p2\pool\plugins\org.eclipse.justj.openjdk.hotspot.jre.full.win32.x86_64_17.0.9.v20231028-0858\jre\bin\jimage.dll
0x00007ffa69600000 - 0x00007ffa69832000 	C:\Windows\SYSTEM32\DBGHELP.DLL
0x00007ffa7b1c0000 - 0x00007ffa7b548000 	C:\Windows\System32\combase.dll
0x00007ffa7aed0000 - 0x00007ffa7afa7000 	C:\Windows\System32\OLEAUT32.dll
0x00007ffa52480000 - 0x00007ffa524b2000 	C:\Windows\SYSTEM32\dbgcore.DLL
0x00007ffa78f80000 - 0x00007ffa78ff9000 	C:\Windows\System32\bcryptPrimitives.dll
0x00007ffa72db0000 - 0x00007ffa72dd5000 	C:\Users\Asus\.p2\pool\plugins\org.eclipse.justj.openjdk.hotspot.jre.full.win32.x86_64_17.0.9.v20231028-0858\jre\bin\java.dll

dbghelp: loaded successfully - version: 4.0.5 - missing functions: none
symbol engine: initialized successfully - sym options: 0x614 - pdb path: .;C:\Users\Asus\.p2\pool\plugins\org.eclipse.justj.openjdk.hotspot.jre.full.win32.x86_64_17.0.9.v20231028-0858\jre\bin;C:\Windows\SYSTEM32;C:\Windows\WinSxS\amd64_microsoft.windows.common-controls_6595b64144ccf1df_6.0.22621.3527_none_270e469b73872a76;C:\Users\Asus\.p2\pool\plugins\org.eclipse.justj.openjdk.hotspot.jre.full.win32.x86_64_17.0.9.v20231028-0858\jre\bin\server

VM Arguments:
jvm_args: -Dfile.encoding=UTF-8 -Dstdout.encoding=UTF-8 -Dstderr.encoding=UTF-8 -XX:+ShowCodeDetailsInExceptionMessages 
java_command: Assignment.workingwithpaytm
java_class_path (initial): C:\Users\Asus\eclipse-workspace\selenium\Automation\bin;C:\Users\Asus\eclipse-workspace\selenium\Automation\jars\selenium-server-4.15.0.jar
Launcher Type: SUN_STANDARD

[Global flags]
     intx CICompilerCount                          = 3                                         {product} {ergonomic}
     uint ConcGCThreads                            = 1                                         {product} {ergonomic}
     uint G1ConcRefinementThreads                  = 4                                         {product} {ergonomic}
   size_t G1HeapRegionSize                         = 1048576                                   {product} {ergonomic}
    uintx GCDrainStackTargetSize                   = 64                                        {product} {ergonomic}
   size_t InitialHeapSize                          = 67108864                                  {product} {ergonomic}
   size_t MarkStackSize                            = 4194304                                   {product} {ergonomic}
   size_t MaxHeapSize                              = 1044381696                                {product} {ergonomic}
   size_t MinHeapDeltaBytes                        = 1048576                                   {product} {ergonomic}
   size_t MinHeapSize                              = 8388608                                   {product} {ergonomic}
    uintx NonNMethodCodeHeapSize                   = 5832780                                {pd product} {ergonomic}
    uintx NonProfiledCodeHeapSize                  = 122912730                              {pd product} {ergonomic}
    uintx ProfiledCodeHeapSize                     = 122912730                              {pd product} {ergonomic}
    uintx ReservedCodeCacheSize                    = 251658240                              {pd product} {ergonomic}
     bool SegmentedCodeCache                       = true                                      {product} {ergonomic}
     bool ShowCodeDetailsInExceptionMessages       = true                                   {manageable} {command line}
   size_t SoftMaxHeapSize                          = 1044381696                             {manageable} {ergonomic}
     bool UseCompressedClassPointers               = true                           {product lp64_product} {ergonomic}
     bool UseCompressedOops                        = true                           {product lp64_product} {ergonomic}
     bool UseG1GC                                  = true                                      {product} {ergonomic}
     bool UseLargePagesIndividualAllocation        = false                                  {pd product} {ergonomic}

Logging:
Log output configuration:
 #0: stdout all=warning uptime,level,tags
 #1: stderr all=off uptime,level,tags

Environment Variables:
PATH=C:/Users/Asus/.p2/pool/plugins/org.eclipse.justj.openjdk.hotspot.jre.full.win32.x86_64_17.0.9.v20231028-0858/jre/bin/server;C:/Users/Asus/.p2/pool/plugins/org.eclipse.justj.openjdk.hotspot.jre.full.win32.x86_64_17.0.9.v20231028-0858/jre/bin;C:\Program Files\Common Files\Oracle\Java\javapath;C:\oracle\product\10.2.0\db_1\bin;C:\Windows\system32;C:\Windows;C:\Windows\System32\Wbem;C:\Windows\System32\WindowsPowerShell\v1.0\;C:\Windows\System32\OpenSSH\;C:\Users\Asus\AppData\Local\Microsoft\WindowsApps;;C:\Users\Asus\AppData\Local\JetBrains\IntelliJ IDEA Community Edition 2023.3.1\bin;;C:\Users\Asus\OneDrive\Desktop;
USERNAME=Asus
OS=Windows_NT
PROCESSOR_IDENTIFIER=Intel64 Family 6 Model 142 Stepping 10, GenuineIntel
TMP=C:\Users\Asus\AppData\Local\Temp
TEMP=C:\Users\Asus\AppData\Local\Temp



Periodic native trim disabled


---------------  S Y S T E M  ---------------

OS:
 Windows 11 , 64 bit Build 22621 (10.0.22621.3527)
OS uptime: 1 days 5:38 hours

CPU: total 4 (initial active 4) (2 cores per cpu, 2 threads per core) family 6 model 142 stepping 10 microcode 0xe0, cx8, cmov, fxsr, ht, mmx, 3dnowpref, sse, sse2, sse3, ssse3, sse4.1, sse4.2, popcnt, lzcnt, tsc, tscinvbit, avx, avx2, aes, erms, clmul, bmi1, bmi2, adx, fma, vzeroupper, clflush, clflushopt
Processor Information for processor 0
  Max Mhz: 2208, Current Mhz: 2208, Mhz Limit: 2208
Processor Information for processor 1
  Max Mhz: 2208, Current Mhz: 1505, Mhz Limit: 2208
Processor Information for processor 2
  Max Mhz: 2208, Current Mhz: 2208, Mhz Limit: 2208
Processor Information for processor 3
  Max Mhz: 2208, Current Mhz: 2208, Mhz Limit: 2208

Memory: 4k page, system-wide physical 3983M (331M free)
TotalPageFile size 9002M (AvailPageFile size 53M)
current process WorkingSet (physical memory assigned to process): 11M, peak: 11M
current process commit charge ("private bytes"): 51M, peak: 115M

vm_info: OpenJDK 64-Bit Server VM (17.0.9+9) for windows-amd64 JRE (17.0.9+9), built on Oct 26 2023 14:01:42 by "admin" with MS VC++ 16.10 / 16.11 (VS2019)

END.
